<?xml version="1.0" encoding="utf-8"?><testsuites name="pytest tests"><testsuite name="pytest" errors="0" failures="0" skipped="0" tests="10" time="26.789" timestamp="2025-07-20T09:50:12.274657-04:00" hostname="maxine"><testcase classname="tests.test_spark_aggregator_edge_cases.TestSparkAggregatorEdgeCases" name="test_empty_dataframe_transform" time="7.265" /><testcase classname="tests.test_spark_aggregator_edge_cases.TestSparkAggregatorEdgeCases" name="test_all_invalid_records" time="1.039" /><testcase classname="tests.test_spark_aggregator_edge_cases.TestSparkAggregatorEdgeCases" name="test_extreme_salary_values" time="1.608" /><testcase classname="tests.test_spark_aggregator_edge_cases.TestSparkAggregatorEdgeCases" name="test_extreme_age_values" time="1.049" /><testcase classname="tests.test_spark_aggregator_edge_cases.TestSparkAggregatorEdgeCases" name="test_special_characters_in_names" time="0.977" /><testcase classname="tests.test_spark_aggregator_edge_cases.TestSparkAggregatorEdgeCases" name="test_various_salary_formats" time="0.936" /><testcase classname="tests.test_spark_aggregator_edge_cases.TestSparkAggregatorEdgeCases" name="test_large_dataset_performance" time="2.987" /><testcase classname="tests.test_spark_aggregator_edge_cases.TestSparkAggregatorEdgeCases" name="test_file_not_found_error" time="0.127" /><testcase classname="tests.test_spark_aggregator_edge_cases.TestSparkAggregatorEdgeCases" name="test_memory_cleanup_after_operations" time="7.746" /><testcase classname="tests.test_spark_aggregator_edge_cases.TestSparkAggregatorEdgeCases" name="test_end_to_end_with_real_file" time="2.987" /></testsuite></testsuites>