<?xml version="1.0" encoding="utf-8"?><testsuites name="pytest tests"><testsuite name="pytest" errors="0" failures="0" skipped="0" tests="0" time="0.030" timestamp="2025-07-20T10:29:58.587662-04:00" hostname="maxine" /></testsuites>